[2019-10-24 21:28:42] Initializing...
[INITIALIZER][P2PInitializer]initConfig for P2PInitializer failed,check Port=30300,EINFO=Throw location unknown (consider using BOOST_THROW_EXCEPTION)
Dynamic exception type: boost::exception_detail::clone_impl<boost::exception_detail::error_info_injector<boost::system::system_error> >
std::exception::what: bind: Address already in use

[2019-10-24 21:28:57] Initializing...
[INITIALIZER][P2PInitializer]initConfig for P2PInitializer failed,check Port=30300,EINFO=Throw location unknown (consider using BOOST_THROW_EXCEPTION)
Dynamic exception type: boost::exception_detail::clone_impl<boost::exception_detail::error_info_injector<boost::system::system_error> >
std::exception::what: bind: Address already in use

[2019-10-24 21:30:49] Initializing...
[INITIALIZER][P2PInitializer]initConfig for P2PInitializer failed,check Port=30300,EINFO=Throw location unknown (consider using BOOST_THROW_EXCEPTION)
Dynamic exception type: boost::exception_detail::clone_impl<boost::exception_detail::error_info_injector<boost::system::system_error> >
std::exception::what: bind: Address already in use

[2019-10-24 21:30:55] Initializing...
[INITIALIZER][P2PInitializer]initConfig for P2PInitializer failed,check Port=30300,EINFO=Throw location unknown (consider using BOOST_THROW_EXCEPTION)
Dynamic exception type: boost::exception_detail::clone_impl<boost::exception_detail::error_info_injector<boost::system::system_error> >
std::exception::what: bind: Address already in use

[2019-10-24 21:33:55] Initializing...
FISCO-BCOS Version : 2.1.0
Build Time         : 20190923 13:22:09
Build Type         : Linux/clang/Release
Git Branch         : HEAD
Git Commit Hash    : cb68124d4fbf3df563a57dfff5f0c6eedc1419cc
[2019-10-24 21:33:55] The FISCO-BCOS is running...
[2019-10-25 17:41:51] Initializing...
FISCO-BCOS Version : 2.1.0
Build Time         : 20190923 13:22:09
Build Type         : Linux/clang/Release
Git Branch         : HEAD
Git Commit Hash    : cb68124d4fbf3df563a57dfff5f0c6eedc1419cc
[2019-10-25 17:41:52] The FISCO-BCOS is running...
[2019-10-25 19:58:32] Initializing...
FISCO-BCOS Version : 2.1.0
Build Time         : 20190923 13:22:09
Build Type         : Linux/clang/Release
Git Branch         : HEAD
Git Commit Hash    : cb68124d4fbf3df563a57dfff5f0c6eedc1419cc
[2019-10-25 19:58:33] The FISCO-BCOS is running...
[2019-12-13 20:17:03] Initializing...
FISCO-BCOS Version : 2.1.0
Build Time         : 20190923 13:22:09
Build Type         : Linux/clang/Release
Git Branch         : HEAD
Git Commit Hash    : cb68124d4fbf3df563a57dfff5f0c6eedc1419cc
[2019-12-13 20:17:05] The FISCO-BCOS is running...
